<?xml version="1.0" encoding="UTF-8"?>
<!-- Generated by org.testng.reporters.JUnitXMLReporter -->
<testsuite hostname="king-PC" ignored="0" name="firefox test" tests="1" failures="1" timestamp="02 Mar 2020 16:45:05 GMT" time="0.193" errors="0">
  <testcase name="openbrowser" time="0.185" classname="crossbrowser.CrossBrowser_testing">
    <failure type="java.lang.IllegalStateException" message="The driver executable does not exist: C:\Users\ps11184490\Downloads\geckodriver-v0.24.0-win64\geckodriver.exe">
      <![CDATA[java.lang.IllegalStateException: The driver executable does not exist: C:\Users\ps11184490\Downloads\geckodriver-v0.24.0-win64\geckodriver.exe
at com.google.common.base.Preconditions.checkState(Preconditions.java:585)
at org.openqa.selenium.remote.service.DriverService.checkExecutable(DriverService.java:146)
at org.openqa.selenium.remote.service.DriverService.findExecutable(DriverService.java:141)
at org.openqa.selenium.firefox.GeckoDriverService.access$100(GeckoDriverService.java:44)
at org.openqa.selenium.firefox.GeckoDriverService$Builder.findDefaultExecutable(GeckoDriverService.java:167)
at org.openqa.selenium.remote.service.DriverService$Builder.build(DriverService.java:355)
at org.openqa.selenium.firefox.FirefoxDriver.toExecutor(FirefoxDriver.java:190)
at org.openqa.selenium.firefox.FirefoxDriver.<init>(FirefoxDriver.java:147)
at org.openqa.selenium.firefox.FirefoxDriver.<init>(FirefoxDriver.java:125)
at crossbrowser.CrossBrowser_testing.openbrowser(CrossBrowser_testing.java:26)
... Removed 25 stack frames]]>
    </failure>
  </testcase> <!-- openbrowser -->
</testsuite> <!-- firefox test -->
