<?xml version="1.0" encoding="UTF-8"?>
<!-- Generated by org.testng.reporters.JUnitXMLReporter -->
<testsuite hostname="king-PC" ignored="0" name="Test" tests="6" failures="0" timestamp="16 Mar 2022 06:00:41 GMT" time="0.096" errors="0">
  <testcase name="method1" time="0.005" classname="ConceptOfBeforeclassAndTest.Class1"/>
  <testcase name="method2" time="0.005" classname="ConceptOfBeforeclassAndTest.Class1"/>
  <testcase name="method3" time="0.005" classname="ConceptOfBeforeclassAndTest.Class1"/>
  <testcase name="method1" time="0.0" classname="ConceptOfBeforeclassAndTest.Class2"/>
  <testcase name="method2" time="0.005" classname="ConceptOfBeforeclassAndTest.Class2"/>
  <testcase name="method3" time="0.005" classname="ConceptOfBeforeclassAndTest.Class2"/>
</testsuite> <!-- Test -->
