<?xml version="1.0" encoding="UTF-8"?>
<!-- Generated by org.testng.reporters.JUnitXMLReporter -->
<testsuite hostname="SIPL-39" ignored="0" name="Test" tests="1" failures="1" timestamp="10 Jul 2019 06:55:39 GMT" time="11.576" errors="0">
  <testcase name="m1" time="8.964" classname="capturing_screenshot_using_listner.Example">
    <failure type="java.lang.AssertionError" message="not matched expected [Facebook – log in or sign up] but found [Facebook]">
      <![CDATA[java.lang.AssertionError: not matched expected [Facebook – log in or sign up] but found [Facebook]
at capturing_screenshot_using_listner.Example.m1(Example.java:32)
... Removed 30 stack frames]]>
    </failure>
  </testcase> <!-- m1 -->
</testsuite> <!-- Test -->
