<?xml version="1.0" encoding="UTF-8"?>
<testng-results skipped="0" failed="0" ignored="0" total="2" passed="2">
  <reporter-output>
  </reporter-output>
  <suite name="Default suite" duration-ms="164" started-at="2022-03-16T10:16:20Z" finished-at="2022-03-16T10:16:20Z">
    <groups>
    </groups>
    <test name="Default test" duration-ms="164" started-at="2022-03-16T10:16:20Z" finished-at="2022-03-16T10:16:20Z">
      <class name="concept_of_Testng.Practise">
        <test-method status="PASS" signature="m2()[pri:0, instance:concept_of_Testng.Practise@68be2bc2]" name="m2" duration-ms="30" started-at="2022-03-16T10:16:20Z" finished-at="2022-03-16T10:16:20Z">
          <reporter-output>
          </reporter-output>
        </test-method> <!-- m2 -->
        <test-method status="PASS" signature="m1()[pri:0, instance:concept_of_Testng.Practise@68be2bc2]" name="m1" duration-ms="0" started-at="2022-03-16T10:16:20Z" depends-on-methods="concept_of_Testng.Practise.m2" finished-at="2022-03-16T10:16:20Z">
          <reporter-output>
          </reporter-output>
        </test-method> <!-- m1 -->
      </class> <!-- concept_of_Testng.Practise -->
    </test> <!-- Default test -->
  </suite> <!-- Default suite -->
</testng-results>
