<?xml version="1.0" encoding="UTF-8"?>
<testng-results skipped="0" failed="0" ignored="0" total="2" passed="2">
  <reporter-output>
  </reporter-output>
  <suite name="Default suite" duration-ms="71" started-at="2021-08-19T05:27:38Z" finished-at="2021-08-19T05:27:38Z">
    <groups>
    </groups>
    <test name="Default test" duration-ms="71" started-at="2021-08-19T05:27:38Z" finished-at="2021-08-19T05:27:38Z">
      <class name="concept_of_Testng.ConceptofAssert">
        <test-method status="PASS" signature="m1()[pri:0, instance:concept_of_Testng.ConceptofAssert@5419f379]" name="m1" duration-ms="21" started-at="2021-08-19T05:27:38Z" finished-at="2021-08-19T05:27:38Z">
          <reporter-output>
          </reporter-output>
        </test-method> <!-- m1 -->
        <test-method status="PASS" signature="m2()[pri:0, instance:concept_of_Testng.ConceptofAssert@5419f379]" name="m2" duration-ms="5" started-at="2021-08-19T05:27:38Z" finished-at="2021-08-19T05:27:38Z">
          <reporter-output>
          </reporter-output>
        </test-method> <!-- m2 -->
      </class> <!-- concept_of_Testng.ConceptofAssert -->
    </test> <!-- Default test -->
  </suite> <!-- Default suite -->
</testng-results>
