<?xml version="1.0" encoding="UTF-8"?>
<!-- Generated by org.testng.reporters.JUnitXMLReporter -->
<testsuite hostname="king-PC" ignored="1" name="Grouping" tests="2" failures="0" timestamp="22 Nov 2019 17:32:35 GMT" time="0.065" errors="0">
  <testcase name="composeMail" time="0.02" classname="grouping_in_Testng.TestCase1"/>
  <testcase name="loginTest" time="0.003" classname="grouping_in_Testng.TestCase2"/>
  <testcase name="m1" time="0.0" classname="grouping_in_Testng.TestCase2">
    <ignored/>
  </testcase> <!-- m1 -->
</testsuite> <!-- Grouping -->
